{"/Users/yatabekotaro/local-repo/brain-training-app/server/src/app.ts": {"path":"/Users/yatabekotaro/local-repo/brain-training-app/server/src/app.ts","statementMap":{"0":{"start":{"line":5,"column":12},"end":{"line":5,"column":20}},"1":{"start":{"line":7,"column":0},"end":{"line":7,"column":null}},"2":{"start":{"line":8,"column":0},"end":{"line":8,"column":null}},"3":{"start":{"line":10,"column":0},"end":{"line":10,"column":null}},"4":{"start":{"line":12,"column":0},"end":{"line":14,"column":null}},"5":{"start":{"line":13,"column":2},"end":{"line":13,"column":null}},"6":{"start":{"line":16,"column":0},"end":{"line":19,"column":null}},"7":{"start":{"line":17,"column":2},"end":{"line":17,"column":null}},"8":{"start":{"line":18,"column":2},"end":{"line":18,"column":null}}},"fnMap":{"0":{"name":"(anonymous_0)","decl":{"start":{"line":12,"column":8},"end":{"line":12,"column":20}},"loc":{"start":{"line":12,"column":31},"end":{"line":14,"column":1}},"line":12},"1":{"name":"(anonymous_1)","decl":{"start":{"line":16,"column":4},"end":{"line":16,"column":9}},"loc":{"start":{"line":16,"column":96},"end":{"line":19,"column":1}},"line":16}},"branchMap":{},"s":{"0":14,"1":14,"2":14,"3":14,"4":14,"5":1,"6":14,"7":0,"8":0},"f":{"0":1,"1":0},"b":{},"meta":{"lastBranch":0,"lastFunction":2,"lastStatement":9,"seen":{"s:5:12:5:20":0,"s:7:0:7:Infinity":1,"s:8:0:8:Infinity":2,"s:10:0:10:Infinity":3,"s:12:0:14:Infinity":4,"f:12:8:12:20":0,"s:13:2:13:Infinity":5,"s:16:0:19:Infinity":6,"f:16:4:16:9":1,"s:17:2:17:Infinity":7,"s:18:2:18:Infinity":8},"fnNames":{}}}
,"/Users/yatabekotaro/local-repo/brain-training-app/server/src/controllers/auth.controller.ts": {"path":"/Users/yatabekotaro/local-repo/brain-training-app/server/src/controllers/auth.controller.ts","statementMap":{"0":{"start":{"line":6,"column":30},"end":{"line":56,"column":null}},"1":{"start":{"line":8,"column":4},"end":{"line":20,"column":null}},"2":{"start":{"line":9,"column":19},"end":{"line":9,"column":null}},"3":{"start":{"line":10,"column":21},"end":{"line":10,"column":null}},"4":{"start":{"line":11,"column":6},"end":{"line":11,"column":null}},"5":{"start":{"line":13,"column":6},"end":{"line":19,"column":null}},"6":{"start":{"line":14,"column":8},"end":{"line":14,"column":null}},"7":{"start":{"line":15,"column":13},"end":{"line":19,"column":null}},"8":{"start":{"line":16,"column":8},"end":{"line":16,"column":null}},"9":{"start":{"line":18,"column":8},"end":{"line":18,"column":null}},"10":{"start":{"line":24,"column":4},"end":{"line":36,"column":null}},"11":{"start":{"line":25,"column":19},"end":{"line":25,"column":null}},"12":{"start":{"line":26,"column":21},"end":{"line":26,"column":null}},"13":{"start":{"line":27,"column":6},"end":{"line":27,"column":null}},"14":{"start":{"line":29,"column":6},"end":{"line":35,"column":null}},"15":{"start":{"line":30,"column":8},"end":{"line":30,"column":null}},"16":{"start":{"line":31,"column":13},"end":{"line":35,"column":null}},"17":{"start":{"line":32,"column":8},"end":{"line":32,"column":null}},"18":{"start":{"line":34,"column":8},"end":{"line":34,"column":null}},"19":{"start":{"line":40,"column":4},"end":{"line":54,"column":null}},"20":{"start":{"line":41,"column":6},"end":{"line":44,"column":null}},"21":{"start":{"line":42,"column":8},"end":{"line":42,"column":null}},"22":{"start":{"line":43,"column":8},"end":{"line":43,"column":null}},"23":{"start":{"line":46,"column":22},"end":{"line":46,"column":null}},"24":{"start":{"line":47,"column":6},"end":{"line":47,"column":null}},"25":{"start":{"line":49,"column":6},"end":{"line":53,"column":null}},"26":{"start":{"line":50,"column":8},"end":{"line":50,"column":null}},"27":{"start":{"line":52,"column":8},"end":{"line":52,"column":null}}},"fnMap":{"0":{"name":"register","decl":{"start":{"line":7,"column":8},"end":{"line":7,"column":17}},"loc":{"start":{"line":7,"column":46},"end":{"line":21,"column":null}},"line":7},"1":{"name":"login","decl":{"start":{"line":23,"column":8},"end":{"line":23,"column":14}},"loc":{"start":{"line":23,"column":43},"end":{"line":37,"column":null}},"line":23},"2":{"name":"getProfile","decl":{"start":{"line":39,"column":8},"end":{"line":39,"column":19}},"loc":{"start":{"line":39,"column":52},"end":{"line":55,"column":null}},"line":39}},"branchMap":{"0":{"loc":{"start":{"line":13,"column":6},"end":{"line":19,"column":null}},"type":"if","locations":[{"start":{"line":13,"column":6},"end":{"line":19,"column":null}},{"start":{"line":15,"column":13},"end":{"line":19,"column":null}}],"line":13},"1":{"loc":{"start":{"line":15,"column":13},"end":{"line":19,"column":null}},"type":"if","locations":[{"start":{"line":15,"column":13},"end":{"line":19,"column":null}},{"start":{"line":17,"column":13},"end":{"line":19,"column":null}}],"line":15},"2":{"loc":{"start":{"line":29,"column":6},"end":{"line":35,"column":null}},"type":"if","locations":[{"start":{"line":29,"column":6},"end":{"line":35,"column":null}},{"start":{"line":31,"column":13},"end":{"line":35,"column":null}}],"line":29},"3":{"loc":{"start":{"line":31,"column":13},"end":{"line":35,"column":null}},"type":"if","locations":[{"start":{"line":31,"column":13},"end":{"line":35,"column":null}},{"start":{"line":33,"column":13},"end":{"line":35,"column":null}}],"line":31},"4":{"loc":{"start":{"line":41,"column":6},"end":{"line":44,"column":null}},"type":"if","locations":[{"start":{"line":41,"column":6},"end":{"line":44,"column":null}},{"start":{},"end":{}}],"line":41},"5":{"loc":{"start":{"line":49,"column":6},"end":{"line":53,"column":null}},"type":"if","locations":[{"start":{"line":49,"column":6},"end":{"line":53,"column":null}},{"start":{"line":51,"column":13},"end":{"line":53,"column":null}}],"line":49}},"s":{"0":15,"1":8,"2":8,"3":8,"4":2,"5":6,"6":2,"7":4,"8":4,"9":0,"10":6,"11":6,"12":6,"13":2,"14":4,"15":3,"16":1,"17":1,"18":0,"19":3,"20":3,"21":1,"22":1,"23":2,"24":2,"25":0,"26":0,"27":0},"f":{"0":8,"1":6,"2":3},"b":{"0":[2,4],"1":[4,0],"2":[3,1],"3":[1,0],"4":[1,2],"5":[0,0]},"meta":{"lastBranch":6,"lastFunction":3,"lastStatement":28,"seen":{"s:6:30:56:Infinity":0,"f:7:8:7:17":0,"s:8:4:20:Infinity":1,"s:9:19:9:Infinity":2,"s:10:21:10:Infinity":3,"s:11:6:11:Infinity":4,"b:13:6:19:Infinity:15:13:19:Infinity":0,"s:13:6:19:Infinity":5,"s:14:8:14:Infinity":6,"b:15:13:19:Infinity:17:13:19:Infinity":1,"s:15:13:19:Infinity":7,"s:16:8:16:Infinity":8,"s:18:8:18:Infinity":9,"f:23:8:23:14":1,"s:24:4:36:Infinity":10,"s:25:19:25:Infinity":11,"s:26:21:26:Infinity":12,"s:27:6:27:Infinity":13,"b:29:6:35:Infinity:31:13:35:Infinity":2,"s:29:6:35:Infinity":14,"s:30:8:30:Infinity":15,"b:31:13:35:Infinity:33:13:35:Infinity":3,"s:31:13:35:Infinity":16,"s:32:8:32:Infinity":17,"s:34:8:34:Infinity":18,"f:39:8:39:19":2,"s:40:4:54:Infinity":19,"b:41:6:44:Infinity:undefined:undefined:undefined:undefined":4,"s:41:6:44:Infinity":20,"s:42:8:42:Infinity":21,"s:43:8:43:Infinity":22,"s:46:22:46:Infinity":23,"s:47:6:47:Infinity":24,"b:49:6:53:Infinity:51:13:53:Infinity":5,"s:49:6:53:Infinity":25,"s:50:8:50:Infinity":26,"s:52:8:52:Infinity":27},"fnNames":{}}}
,"/Users/yatabekotaro/local-repo/brain-training-app/server/src/middleware/auth.ts": {"path":"/Users/yatabekotaro/local-repo/brain-training-app/server/src/middleware/auth.ts","statementMap":{"0":{"start":{"line":9,"column":2},"end":{"line":27,"column":null}},"1":{"start":{"line":10,"column":23},"end":{"line":10,"column":null}},"2":{"start":{"line":12,"column":4},"end":{"line":14,"column":null}},"3":{"start":{"line":13,"column":6},"end":{"line":13,"column":null}},"4":{"start":{"line":16,"column":18},"end":{"line":16,"column":null}},"5":{"start":{"line":17,"column":23},"end":{"line":17,"column":null}},"6":{"start":{"line":19,"column":4},"end":{"line":19,"column":null}},"7":{"start":{"line":20,"column":4},"end":{"line":20,"column":null}},"8":{"start":{"line":22,"column":4},"end":{"line":26,"column":null}},"9":{"start":{"line":23,"column":6},"end":{"line":23,"column":null}},"10":{"start":{"line":25,"column":6},"end":{"line":25,"column":null}}},"fnMap":{"0":{"name":"authenticate","decl":{"start":{"line":8,"column":16},"end":{"line":8,"column":29}},"loc":{"start":{"line":8,"column":82},"end":{"line":28,"column":null}},"line":8}},"branchMap":{"0":{"loc":{"start":{"line":12,"column":4},"end":{"line":14,"column":null}},"type":"if","locations":[{"start":{"line":12,"column":4},"end":{"line":14,"column":null}},{"start":{},"end":{}}],"line":12},"1":{"loc":{"start":{"line":12,"column":8},"end":{"line":12,"column":58}},"type":"binary-expr","locations":[{"start":{"line":12,"column":8},"end":{"line":12,"column":23}},{"start":{"line":12,"column":23},"end":{"line":12,"column":58}}],"line":12},"2":{"loc":{"start":{"line":22,"column":4},"end":{"line":26,"column":null}},"type":"if","locations":[{"start":{"line":22,"column":4},"end":{"line":26,"column":null}},{"start":{"line":24,"column":11},"end":{"line":26,"column":null}}],"line":22}},"s":{"0":8,"1":8,"2":8,"3":4,"4":4,"5":4,"6":4,"7":4,"8":6,"9":6,"10":0},"f":{"0":8},"b":{"0":[4,4],"1":[8,6],"2":[6,0]},"meta":{"lastBranch":3,"lastFunction":1,"lastStatement":11,"seen":{"f:8:16:8:29":0,"s:9:2:27:Infinity":0,"s:10:23:10:Infinity":1,"b:12:4:14:Infinity:undefined:undefined:undefined:undefined":0,"s:12:4:14:Infinity":2,"b:12:8:12:23:12:23:12:58":1,"s:13:6:13:Infinity":3,"s:16:18:16:Infinity":4,"s:17:23:17:Infinity":5,"s:19:4:19:Infinity":6,"s:20:4:20:Infinity":7,"b:22:4:26:Infinity:24:11:26:Infinity":2,"s:22:4:26:Infinity":8,"s:23:6:23:Infinity":9,"s:25:6:25:Infinity":10},"fnNames":{}}}
,"/Users/yatabekotaro/local-repo/brain-training-app/server/src/routes/auth.routes.ts": {"path":"/Users/yatabekotaro/local-repo/brain-training-app/server/src/routes/auth.routes.ts","statementMap":{"0":{"start":{"line":5,"column":15},"end":{"line":5,"column":22}},"1":{"start":{"line":7,"column":0},"end":{"line":7,"column":null}},"2":{"start":{"line":8,"column":0},"end":{"line":8,"column":null}},"3":{"start":{"line":9,"column":0},"end":{"line":9,"column":null}}},"fnMap":{},"branchMap":{},"s":{"0":14,"1":14,"2":14,"3":14},"f":{},"b":{},"meta":{"lastBranch":0,"lastFunction":0,"lastStatement":4,"seen":{"s:5:15:5:22":0,"s:7:0:7:Infinity":1,"s:8:0:8:Infinity":2,"s:9:0:9:Infinity":3},"fnNames":{}}}
,"/Users/yatabekotaro/local-repo/brain-training-app/server/src/services/auth.service.ts": {"path":"/Users/yatabekotaro/local-repo/brain-training-app/server/src/services/auth.service.ts","statementMap":{"0":{"start":{"line":12,"column":4},"end":{"line":12,"column":null}},"1":{"start":{"line":10,"column":11},"end":{"line":10,"column":null}},"2":{"start":{"line":13,"column":4},"end":{"line":13,"column":null}},"3":{"start":{"line":17,"column":27},"end":{"line":95,"column":null}},"4":{"start":{"line":19,"column":25},"end":{"line":21,"column":null}},"5":{"start":{"line":23,"column":4},"end":{"line":25,"column":null}},"6":{"start":{"line":24,"column":6},"end":{"line":24,"column":null}},"7":{"start":{"line":27,"column":25},"end":{"line":27,"column":null}},"8":{"start":{"line":29,"column":17},"end":{"line":41,"column":null}},"9":{"start":{"line":43,"column":18},"end":{"line":43,"column":null}},"10":{"start":{"line":45,"column":4},"end":{"line":45,"column":null}},"11":{"start":{"line":49,"column":17},"end":{"line":51,"column":null}},"12":{"start":{"line":53,"column":4},"end":{"line":55,"column":null}},"13":{"start":{"line":54,"column":6},"end":{"line":54,"column":null}},"14":{"start":{"line":57,"column":28},"end":{"line":57,"column":null}},"15":{"start":{"line":59,"column":4},"end":{"line":61,"column":null}},"16":{"start":{"line":60,"column":6},"end":{"line":60,"column":null}},"17":{"start":{"line":63,"column":18},"end":{"line":63,"column":null}},"18":{"start":{"line":65,"column":4},"end":{"line":73,"column":null}},"19":{"start":{"line":77,"column":17},"end":{"line":87,"column":null}},"20":{"start":{"line":89,"column":4},"end":{"line":91,"column":null}},"21":{"start":{"line":90,"column":6},"end":{"line":90,"column":null}},"22":{"start":{"line":93,"column":4},"end":{"line":93,"column":null}},"23":{"start":{"line":98,"column":2},"end":{"line":100,"column":null}},"24":{"start":{"line":104,"column":2},"end":{"line":109,"column":null}},"25":{"start":{"line":105,"column":20},"end":{"line":105,"column":null}},"26":{"start":{"line":106,"column":4},"end":{"line":106,"column":null}},"27":{"start":{"line":108,"column":4},"end":{"line":108,"column":null}}},"fnMap":{"0":{"name":"constructor","decl":{"start":{"line":8,"column":2},"end":{"line":8,"column":null}},"loc":{"start":{"line":11,"column":4},"end":{"line":14,"column":null}},"line":11},"1":{"name":"register","decl":{"start":{"line":18,"column":8},"end":{"line":18,"column":17}},"loc":{"start":{"line":18,"column":38},"end":{"line":46,"column":null}},"line":18},"2":{"name":"login","decl":{"start":{"line":48,"column":8},"end":{"line":48,"column":14}},"loc":{"start":{"line":48,"column":32},"end":{"line":74,"column":null}},"line":48},"3":{"name":"getProfile","decl":{"start":{"line":76,"column":8},"end":{"line":76,"column":19}},"loc":{"start":{"line":76,"column":35},"end":{"line":94,"column":null}},"line":76},"4":{"name":"generateToken","decl":{"start":{"line":97,"column":9},"end":{"line":97,"column":23}},"loc":{"start":{"line":97,"column":47},"end":{"line":101,"column":null}},"line":97},"5":{"name":"verifyToken","decl":{"start":{"line":103,"column":16},"end":{"line":103,"column":28}},"loc":{"start":{"line":103,"column":63},"end":{"line":110,"column":null}},"line":103}},"branchMap":{"0":{"loc":{"start":{"line":23,"column":4},"end":{"line":25,"column":null}},"type":"if","locations":[{"start":{"line":23,"column":4},"end":{"line":25,"column":null}},{"start":{},"end":{}}],"line":23},"1":{"loc":{"start":{"line":53,"column":4},"end":{"line":55,"column":null}},"type":"if","locations":[{"start":{"line":53,"column":4},"end":{"line":55,"column":null}},{"start":{},"end":{}}],"line":53},"2":{"loc":{"start":{"line":59,"column":4},"end":{"line":61,"column":null}},"type":"if","locations":[{"start":{"line":59,"column":4},"end":{"line":61,"column":null}},{"start":{},"end":{}}],"line":59},"3":{"loc":{"start":{"line":89,"column":4},"end":{"line":91,"column":null}},"type":"if","locations":[{"start":{"line":89,"column":4},"end":{"line":91,"column":null}},{"start":{},"end":{}}],"line":89}},"s":{"0":10,"1":10,"2":10,"3":15,"4":4,"5":4,"6":2,"7":2,"8":2,"9":2,"10":2,"11":6,"12":6,"13":2,"14":4,"15":4,"16":2,"17":2,"18":2,"19":3,"20":3,"21":1,"22":2,"23":4,"24":2,"25":2,"26":2,"27":1},"f":{"0":10,"1":4,"2":6,"3":3,"4":4,"5":2},"b":{"0":[2,2],"1":[2,4],"2":[2,2],"3":[1,2]},"meta":{"lastBranch":4,"lastFunction":6,"lastStatement":28,"seen":{"f:8:2:8:Infinity":0,"s:12:4:12:Infinity":0,"s:10:11:10:Infinity":1,"s:13:4:13:Infinity":2,"s:17:27:95:Infinity":3,"f:18:8:18:17":1,"s:19:25:21:Infinity":4,"b:23:4:25:Infinity:undefined:undefined:undefined:undefined":0,"s:23:4:25:Infinity":5,"s:24:6:24:Infinity":6,"s:27:25:27:Infinity":7,"s:29:17:41:Infinity":8,"s:43:18:43:Infinity":9,"s:45:4:45:Infinity":10,"f:48:8:48:14":2,"s:49:17:51:Infinity":11,"b:53:4:55:Infinity:undefined:undefined:undefined:undefined":1,"s:53:4:55:Infinity":12,"s:54:6:54:Infinity":13,"s:57:28:57:Infinity":14,"b:59:4:61:Infinity:undefined:undefined:undefined:undefined":2,"s:59:4:61:Infinity":15,"s:60:6:60:Infinity":16,"s:63:18:63:Infinity":17,"s:65:4:73:Infinity":18,"f:76:8:76:19":3,"s:77:17:87:Infinity":19,"b:89:4:91:Infinity:undefined:undefined:undefined:undefined":3,"s:89:4:91:Infinity":20,"s:90:6:90:Infinity":21,"s:93:4:93:Infinity":22,"f:97:9:97:23":4,"s:98:2:100:Infinity":23,"f:103:16:103:28":5,"s:104:2:109:Infinity":24,"s:105:20:105:Infinity":25,"s:106:4:106:Infinity":26,"s:108:4:108:Infinity":27},"fnNames":{}}}
,"/Users/yatabekotaro/local-repo/brain-training-app/server/src/types/auth.ts": {"path":"/Users/yatabekotaro/local-repo/brain-training-app/server/src/types/auth.ts","statementMap":{"0":{"start":{"line":3,"column":30},"end":{"line":7,"column":null}},"1":{"start":{"line":9,"column":27},"end":{"line":12,"column":null}}},"fnMap":{},"branchMap":{},"s":{"0":15,"1":15},"f":{},"b":{},"meta":{"lastBranch":0,"lastFunction":0,"lastStatement":2,"seen":{"s:3:30:7:Infinity":0,"s:9:27:12:Infinity":1},"fnNames":{}}}
}
