{"/Users/yatabekotaro/local-repo/brain-training-app/client/src/App.tsx": {"path":"/Users/yatabekotaro/local-repo/brain-training-app/client/src/App.tsx","statementMap":{"0":{"start":{"line":8,"column":2},"end":{"line":23,"column":null}}},"fnMap":{"0":{"name":"App","decl":{"start":{"line":7,"column":9},"end":{"line":7,"column":15}},"loc":{"start":{"line":7,"column":15},"end":{"line":25,"column":null}},"line":7}},"branchMap":{},"s":{"0":5},"f":{"0":5},"b":{},"meta":{"lastBranch":0,"lastFunction":1,"lastStatement":1,"seen":{"f:7:9:7:15":0,"s:8:2:23:Infinity":0},"fnNames":{}}}
,"/Users/yatabekotaro/local-repo/brain-training-app/client/src/components/ProtectedRoute.tsx": {"path":"/Users/yatabekotaro/local-repo/brain-training-app/client/src/components/ProtectedRoute.tsx","statementMap":{"0":{"start":{"line":10,"column":40},"end":{"line":10,"column":53}},"1":{"start":{"line":12,"column":2},"end":{"line":14,"column":null}},"2":{"start":{"line":13,"column":4},"end":{"line":13,"column":null}},"3":{"start":{"line":16,"column":2},"end":{"line":22,"column":null}},"4":{"start":{"line":17,"column":4},"end":{"line":20,"column":null}},"5":{"start":{"line":24,"column":2},"end":{"line":26,"column":null}},"6":{"start":{"line":25,"column":4},"end":{"line":25,"column":null}},"7":{"start":{"line":28,"column":2},"end":{"line":28,"column":null}}},"fnMap":{"0":{"name":"ProtectedRoute","decl":{"start":{"line":9,"column":24},"end":{"line":9,"column":39}},"loc":{"start":{"line":9,"column":74},"end":{"line":29,"column":null}},"line":9},"1":{"name":"(anonymous_1)","decl":{"start":{"line":12,"column":2},"end":{"line":12,"column":18}},"loc":{"start":{"line":12,"column":18},"end":{"line":14,"column":5}},"line":12}},"branchMap":{"0":{"loc":{"start":{"line":16,"column":2},"end":{"line":22,"column":null}},"type":"if","locations":[{"start":{"line":16,"column":2},"end":{"line":22,"column":null}},{"start":{},"end":{}}],"line":16},"1":{"loc":{"start":{"line":24,"column":2},"end":{"line":26,"column":null}},"type":"if","locations":[{"start":{"line":24,"column":2},"end":{"line":26,"column":null}},{"start":{},"end":{}}],"line":24}},"s":{"0":7,"1":7,"2":7,"3":7,"4":1,"5":6,"6":4,"7":2},"f":{"0":7,"1":7},"b":{"0":[1,6],"1":[4,2]},"meta":{"lastBranch":2,"lastFunction":2,"lastStatement":8,"seen":{"f:9:24:9:39":0,"s:10:40:10:53":0,"s:12:2:14:Infinity":1,"f:12:2:12:18":1,"s:13:4:13:Infinity":2,"b:16:2:22:Infinity:undefined:undefined:undefined:undefined":0,"s:16:2:22:Infinity":3,"s:17:4:20:Infinity":4,"b:24:2:26:Infinity:undefined:undefined:undefined:undefined":1,"s:24:2:26:Infinity":5,"s:25:4:25:Infinity":6,"s:28:2:28:Infinity":7},"fnNames":{}}}
,"/Users/yatabekotaro/local-repo/brain-training-app/client/src/pages/HomePage.tsx": {"path":"/Users/yatabekotaro/local-repo/brain-training-app/client/src/pages/HomePage.tsx","statementMap":{"0":{"start":{"line":4,"column":27},"end":{"line":4,"column":40}},"1":{"start":{"line":6,"column":2},"end":{"line":45,"column":null}},"2":{"start":{"line":50,"column":2},"end":{"line":54,"column":null}}},"fnMap":{"0":{"name":"HomePage","decl":{"start":{"line":3,"column":24},"end":{"line":3,"column":35}},"loc":{"start":{"line":3,"column":35},"end":{"line":47,"column":null}},"line":3},"1":{"name":"GameCard","decl":{"start":{"line":49,"column":9},"end":{"line":49,"column":18}},"loc":{"start":{"line":49,"column":82},"end":{"line":56,"column":null}},"line":49}},"branchMap":{},"s":{"0":6,"1":6,"2":30},"f":{"0":6,"1":30},"b":{},"meta":{"lastBranch":0,"lastFunction":2,"lastStatement":3,"seen":{"f:3:24:3:35":0,"s:4:27:4:40":0,"s:6:2:45:Infinity":1,"f:49:9:49:18":1,"s:50:2:54:Infinity":2},"fnNames":{}}}
,"/Users/yatabekotaro/local-repo/brain-training-app/client/src/pages/LoginPage.tsx": {"path":"/Users/yatabekotaro/local-repo/brain-training-app/client/src/pages/LoginPage.tsx","statementMap":{"0":{"start":{"line":6,"column":28},"end":{"line":6,"column":null}},"1":{"start":{"line":7,"column":34},"end":{"line":7,"column":null}},"2":{"start":{"line":8,"column":50},"end":{"line":8,"column":63}},"3":{"start":{"line":9,"column":19},"end":{"line":9,"column":31}},"4":{"start":{"line":11,"column":23},"end":{"line":19,"column":null}},"5":{"start":{"line":12,"column":4},"end":{"line":12,"column":null}},"6":{"start":{"line":13,"column":4},"end":{"line":18,"column":null}},"7":{"start":{"line":14,"column":6},"end":{"line":14,"column":null}},"8":{"start":{"line":15,"column":6},"end":{"line":15,"column":null}},"9":{"start":{"line":21,"column":2},"end":{"line":96,"column":null}},"10":{"start":{"line":57,"column":18},"end":{"line":57,"column":null}},"11":{"start":{"line":58,"column":18},"end":{"line":58,"column":null}},"12":{"start":{"line":76,"column":18},"end":{"line":76,"column":null}},"13":{"start":{"line":77,"column":18},"end":{"line":77,"column":null}}},"fnMap":{"0":{"name":"LoginPage","decl":{"start":{"line":5,"column":24},"end":{"line":5,"column":36}},"loc":{"start":{"line":5,"column":36},"end":{"line":98,"column":null}},"line":5},"1":{"name":"(anonymous_1)","decl":{"start":{"line":11,"column":23},"end":{"line":11,"column":30}},"loc":{"start":{"line":11,"column":53},"end":{"line":19,"column":null}},"line":11},"2":{"name":"(anonymous_2)","decl":{"start":{"line":56,"column":16},"end":{"line":56,"column":27}},"loc":{"start":{"line":56,"column":33},"end":{"line":59,"column":null}},"line":56},"3":{"name":"(anonymous_3)","decl":{"start":{"line":75,"column":16},"end":{"line":75,"column":27}},"loc":{"start":{"line":75,"column":33},"end":{"line":78,"column":null}},"line":75}},"branchMap":{"0":{"loc":{"start":{"line":39,"column":11},"end":{"line":42,"column":null}},"type":"binary-expr","locations":[{"start":{"line":39,"column":11},"end":{"line":39,"column":null}},{"start":{"line":40,"column":12},"end":{"line":42,"column":null}}],"line":39},"1":{"loc":{"start":{"line":91,"column":15},"end":{"line":91,"column":null}},"type":"cond-expr","locations":[{"start":{"line":91,"column":27},"end":{"line":91,"column":40}},{"start":{"line":91,"column":40},"end":{"line":91,"column":null}}],"line":91}},"s":{"0":36,"1":36,"2":36,"3":36,"4":36,"5":1,"6":1,"7":1,"8":1,"9":36,"10":16,"11":16,"12":11,"13":11},"f":{"0":36,"1":1,"2":16,"3":11},"b":{"0":[36,1],"1":[1,35]},"meta":{"lastBranch":2,"lastFunction":4,"lastStatement":14,"seen":{"f:5:24:5:36":0,"s:6:28:6:Infinity":0,"s:7:34:7:Infinity":1,"s:8:50:8:63":2,"s:9:19:9:31":3,"s:11:23:19:Infinity":4,"f:11:23:11:30":1,"s:12:4:12:Infinity":5,"s:13:4:18:Infinity":6,"s:14:6:14:Infinity":7,"s:15:6:15:Infinity":8,"s:21:2:96:Infinity":9,"b:39:11:39:Infinity:40:12:42:Infinity":0,"f:56:16:56:27":2,"s:57:18:57:Infinity":10,"s:58:18:58:Infinity":11,"f:75:16:75:27":3,"s:76:18:76:Infinity":12,"s:77:18:77:Infinity":13,"b:91:27:91:40:91:40:91:Infinity":1},"fnNames":{}}}
,"/Users/yatabekotaro/local-repo/brain-training-app/client/src/pages/RegisterPage.tsx": {"path":"/Users/yatabekotaro/local-repo/brain-training-app/client/src/pages/RegisterPage.tsx","statementMap":{"0":{"start":{"line":6,"column":40},"end":{"line":6,"column":null}},"1":{"start":{"line":7,"column":28},"end":{"line":7,"column":null}},"2":{"start":{"line":8,"column":34},"end":{"line":8,"column":null}},"3":{"start":{"line":9,"column":48},"end":{"line":9,"column":null}},"4":{"start":{"line":10,"column":38},"end":{"line":10,"column":null}},"5":{"start":{"line":11,"column":53},"end":{"line":11,"column":66}},"6":{"start":{"line":12,"column":19},"end":{"line":12,"column":31}},"7":{"start":{"line":14,"column":23},"end":{"line":34,"column":null}},"8":{"start":{"line":15,"column":4},"end":{"line":15,"column":null}},"9":{"start":{"line":16,"column":4},"end":{"line":16,"column":null}},"10":{"start":{"line":18,"column":4},"end":{"line":21,"column":null}},"11":{"start":{"line":19,"column":6},"end":{"line":19,"column":null}},"12":{"start":{"line":20,"column":6},"end":{"line":20,"column":null}},"13":{"start":{"line":23,"column":4},"end":{"line":26,"column":null}},"14":{"start":{"line":24,"column":6},"end":{"line":24,"column":null}},"15":{"start":{"line":25,"column":6},"end":{"line":25,"column":null}},"16":{"start":{"line":28,"column":4},"end":{"line":33,"column":null}},"17":{"start":{"line":29,"column":6},"end":{"line":29,"column":null}},"18":{"start":{"line":30,"column":6},"end":{"line":30,"column":null}},"19":{"start":{"line":36,"column":23},"end":{"line":36,"column":null}},"20":{"start":{"line":38,"column":2},"end":{"line":155,"column":null}},"21":{"start":{"line":74,"column":18},"end":{"line":74,"column":null}},"22":{"start":{"line":75,"column":18},"end":{"line":75,"column":null}},"23":{"start":{"line":76,"column":18},"end":{"line":76,"column":null}},"24":{"start":{"line":94,"column":18},"end":{"line":94,"column":null}},"25":{"start":{"line":95,"column":18},"end":{"line":95,"column":null}},"26":{"start":{"line":96,"column":18},"end":{"line":96,"column":null}},"27":{"start":{"line":114,"column":18},"end":{"line":114,"column":null}},"28":{"start":{"line":115,"column":18},"end":{"line":115,"column":null}},"29":{"start":{"line":116,"column":18},"end":{"line":116,"column":null}},"30":{"start":{"line":134,"column":18},"end":{"line":134,"column":null}},"31":{"start":{"line":135,"column":18},"end":{"line":135,"column":null}},"32":{"start":{"line":136,"column":18},"end":{"line":136,"column":null}}},"fnMap":{"0":{"name":"RegisterPage","decl":{"start":{"line":5,"column":24},"end":{"line":5,"column":39}},"loc":{"start":{"line":5,"column":39},"end":{"line":157,"column":null}},"line":5},"1":{"name":"(anonymous_1)","decl":{"start":{"line":14,"column":23},"end":{"line":14,"column":30}},"loc":{"start":{"line":14,"column":53},"end":{"line":34,"column":null}},"line":14},"2":{"name":"(anonymous_2)","decl":{"start":{"line":73,"column":16},"end":{"line":73,"column":27}},"loc":{"start":{"line":73,"column":33},"end":{"line":77,"column":null}},"line":73},"3":{"name":"(anonymous_3)","decl":{"start":{"line":93,"column":16},"end":{"line":93,"column":27}},"loc":{"start":{"line":93,"column":33},"end":{"line":97,"column":null}},"line":93},"4":{"name":"(anonymous_4)","decl":{"start":{"line":113,"column":16},"end":{"line":113,"column":27}},"loc":{"start":{"line":113,"column":33},"end":{"line":117,"column":null}},"line":113},"5":{"name":"(anonymous_5)","decl":{"start":{"line":133,"column":16},"end":{"line":133,"column":27}},"loc":{"start":{"line":133,"column":33},"end":{"line":137,"column":null}},"line":133}},"branchMap":{"0":{"loc":{"start":{"line":18,"column":4},"end":{"line":21,"column":null}},"type":"if","locations":[{"start":{"line":18,"column":4},"end":{"line":21,"column":null}},{"start":{},"end":{}}],"line":18},"1":{"loc":{"start":{"line":23,"column":4},"end":{"line":26,"column":null}},"type":"if","locations":[{"start":{"line":23,"column":4},"end":{"line":26,"column":null}},{"start":{},"end":{}}],"line":23},"2":{"loc":{"start":{"line":36,"column":23},"end":{"line":36,"column":null}},"type":"binary-expr","locations":[{"start":{"line":36,"column":23},"end":{"line":36,"column":37}},{"start":{"line":36,"column":37},"end":{"line":36,"column":null}}],"line":36},"3":{"loc":{"start":{"line":56,"column":11},"end":{"line":59,"column":null}},"type":"binary-expr","locations":[{"start":{"line":56,"column":11},"end":{"line":56,"column":null}},{"start":{"line":57,"column":12},"end":{"line":59,"column":null}}],"line":56},"4":{"loc":{"start":{"line":150,"column":15},"end":{"line":150,"column":null}},"type":"cond-expr","locations":[{"start":{"line":150,"column":27},"end":{"line":150,"column":38}},{"start":{"line":150,"column":38},"end":{"line":150,"column":null}}],"line":150}},"s":{"0":147,"1":147,"2":147,"3":147,"4":147,"5":147,"6":147,"7":147,"8":3,"9":3,"10":3,"11":1,"12":1,"13":2,"14":1,"15":1,"16":1,"17":1,"18":1,"19":147,"20":147,"21":27,"22":27,"23":27,"24":48,"25":48,"26":48,"27":27,"28":27,"29":27,"30":33,"31":33,"32":33},"f":{"0":147,"1":3,"2":27,"3":48,"4":27,"5":33},"b":{"0":[1,2],"1":[1,1],"2":[147,145],"3":[147,3],"4":[1,146]},"meta":{"lastBranch":5,"lastFunction":6,"lastStatement":33,"seen":{"f:5:24:5:39":0,"s:6:40:6:Infinity":0,"s:7:28:7:Infinity":1,"s:8:34:8:Infinity":2,"s:9:48:9:Infinity":3,"s:10:38:10:Infinity":4,"s:11:53:11:66":5,"s:12:19:12:31":6,"s:14:23:34:Infinity":7,"f:14:23:14:30":1,"s:15:4:15:Infinity":8,"s:16:4:16:Infinity":9,"b:18:4:21:Infinity:undefined:undefined:undefined:undefined":0,"s:18:4:21:Infinity":10,"s:19:6:19:Infinity":11,"s:20:6:20:Infinity":12,"b:23:4:26:Infinity:undefined:undefined:undefined:undefined":1,"s:23:4:26:Infinity":13,"s:24:6:24:Infinity":14,"s:25:6:25:Infinity":15,"s:28:4:33:Infinity":16,"s:29:6:29:Infinity":17,"s:30:6:30:Infinity":18,"s:36:23:36:Infinity":19,"b:36:23:36:37:36:37:36:Infinity":2,"s:38:2:155:Infinity":20,"b:56:11:56:Infinity:57:12:59:Infinity":3,"f:73:16:73:27":2,"s:74:18:74:Infinity":21,"s:75:18:75:Infinity":22,"s:76:18:76:Infinity":23,"f:93:16:93:27":3,"s:94:18:94:Infinity":24,"s:95:18:95:Infinity":25,"s:96:18:96:Infinity":26,"f:113:16:113:27":4,"s:114:18:114:Infinity":27,"s:115:18:115:Infinity":28,"s:116:18:116:Infinity":29,"f:133:16:133:27":5,"s:134:18:134:Infinity":30,"s:135:18:135:Infinity":31,"s:136:18:136:Infinity":32,"b:150:27:150:38:150:38:150:Infinity":4},"fnNames":{}}}
,"/Users/yatabekotaro/local-repo/brain-training-app/client/src/services/api.ts": {"path":"/Users/yatabekotaro/local-repo/brain-training-app/client/src/services/api.ts","statementMap":{"0":{"start":{"line":3,"column":12},"end":{"line":8,"column":null}},"1":{"start":{"line":10,"column":0},"end":{"line":16,"column":null}},"2":{"start":{"line":11,"column":16},"end":{"line":11,"column":null}},"3":{"start":{"line":12,"column":2},"end":{"line":14,"column":null}},"4":{"start":{"line":13,"column":4},"end":{"line":13,"column":null}},"5":{"start":{"line":15,"column":2},"end":{"line":15,"column":null}},"6":{"start":{"line":18,"column":0},"end":{"line":28,"column":null}},"7":{"start":{"line":19,"column":16},"end":{"line":19,"column":null}},"8":{"start":{"line":21,"column":4},"end":{"line":25,"column":null}},"9":{"start":{"line":22,"column":6},"end":{"line":22,"column":null}},"10":{"start":{"line":23,"column":6},"end":{"line":23,"column":null}},"11":{"start":{"line":24,"column":6},"end":{"line":24,"column":null}},"12":{"start":{"line":26,"column":4},"end":{"line":26,"column":null}}},"fnMap":{"0":{"name":"(anonymous_0)","decl":{"start":{"line":10,"column":25},"end":{"line":10,"column":30}},"loc":{"start":{"line":10,"column":41},"end":{"line":16,"column":1}},"line":10},"1":{"name":"(anonymous_1)","decl":{"start":{"line":18,"column":26},"end":{"line":18,"column":null}},"loc":{"start":{"line":19,"column":16},"end":{"line":19,"column":null}},"line":19},"2":{"name":"(anonymous_2)","decl":{"start":{"line":19,"column":16},"end":{"line":19,"column":null}},"loc":{"start":{"line":20,"column":13},"end":{"line":27,"column":null}},"line":20}},"branchMap":{"0":{"loc":{"start":{"line":12,"column":2},"end":{"line":14,"column":null}},"type":"if","locations":[{"start":{"line":12,"column":2},"end":{"line":14,"column":null}},{"start":{},"end":{}}],"line":12},"1":{"loc":{"start":{"line":21,"column":4},"end":{"line":25,"column":null}},"type":"if","locations":[{"start":{"line":21,"column":4},"end":{"line":25,"column":null}},{"start":{},"end":{}}],"line":21}},"s":{"0":1,"1":1,"2":2,"3":2,"4":1,"5":2,"6":1,"7":1,"8":2,"9":1,"10":1,"11":1,"12":2},"f":{"0":2,"1":1,"2":2},"b":{"0":[1,1],"1":[1,1]},"meta":{"lastBranch":2,"lastFunction":3,"lastStatement":13,"seen":{"s:3:12:8:Infinity":0,"s:10:0:16:Infinity":1,"f:10:25:10:30":0,"s:11:16:11:Infinity":2,"b:12:2:14:Infinity:undefined:undefined:undefined:undefined":0,"s:12:2:14:Infinity":3,"s:13:4:13:Infinity":4,"s:15:2:15:Infinity":5,"s:18:0:28:Infinity":6,"f:18:26:18:Infinity":1,"s:19:16:19:Infinity":7,"f:19:16:19:Infinity":2,"b:21:4:25:Infinity:undefined:undefined:undefined:undefined":1,"s:21:4:25:Infinity":8,"s:22:6:22:Infinity":9,"s:23:6:23:Infinity":10,"s:24:6:24:Infinity":11,"s:26:4:26:Infinity":12},"fnNames":{}}}
,"/Users/yatabekotaro/local-repo/brain-training-app/client/src/stores/authStore.ts": {"path":"/Users/yatabekotaro/local-repo/brain-training-app/client/src/stores/authStore.ts","statementMap":{"0":{"start":{"line":16,"column":28},"end":{"line":71,"column":null}},"1":{"start":{"line":16,"column":56},"end":{"line":71,"column":2}},"2":{"start":{"line":22,"column":4},"end":{"line":22,"column":null}},"3":{"start":{"line":23,"column":4},"end":{"line":32,"column":null}},"4":{"start":{"line":24,"column":23},"end":{"line":24,"column":null}},"5":{"start":{"line":25,"column":6},"end":{"line":25,"column":null}},"6":{"start":{"line":26,"column":6},"end":{"line":26,"column":null}},"7":{"start":{"line":27,"column":6},"end":{"line":27,"column":null}},"8":{"start":{"line":29,"column":22},"end":{"line":29,"column":null}},"9":{"start":{"line":30,"column":6},"end":{"line":30,"column":null}},"10":{"start":{"line":31,"column":6},"end":{"line":31,"column":null}},"11":{"start":{"line":36,"column":4},"end":{"line":36,"column":null}},"12":{"start":{"line":37,"column":4},"end":{"line":46,"column":null}},"13":{"start":{"line":38,"column":23},"end":{"line":38,"column":null}},"14":{"start":{"line":39,"column":6},"end":{"line":39,"column":null}},"15":{"start":{"line":40,"column":6},"end":{"line":40,"column":null}},"16":{"start":{"line":41,"column":6},"end":{"line":41,"column":null}},"17":{"start":{"line":43,"column":22},"end":{"line":43,"column":null}},"18":{"start":{"line":44,"column":6},"end":{"line":44,"column":null}},"19":{"start":{"line":45,"column":6},"end":{"line":45,"column":null}},"20":{"start":{"line":50,"column":4},"end":{"line":50,"column":null}},"21":{"start":{"line":51,"column":4},"end":{"line":51,"column":null}},"22":{"start":{"line":52,"column":4},"end":{"line":52,"column":null}},"23":{"start":{"line":56,"column":18},"end":{"line":56,"column":null}},"24":{"start":{"line":57,"column":4},"end":{"line":57,"column":null}},"25":{"start":{"line":57,"column":16},"end":{"line":57,"column":null}},"26":{"start":{"line":59,"column":4},"end":{"line":59,"column":null}},"27":{"start":{"line":60,"column":4},"end":{"line":67,"column":null}},"28":{"start":{"line":61,"column":23},"end":{"line":61,"column":null}},"29":{"start":{"line":62,"column":6},"end":{"line":62,"column":null}},"30":{"start":{"line":64,"column":6},"end":{"line":64,"column":null}},"31":{"start":{"line":65,"column":6},"end":{"line":65,"column":null}},"32":{"start":{"line":66,"column":6},"end":{"line":66,"column":null}},"33":{"start":{"line":70,"column":20},"end":{"line":70,"column":null}}},"fnMap":{"0":{"name":"(anonymous_0)","decl":{"start":{"line":16,"column":28},"end":{"line":16,"column":47}},"loc":{"start":{"line":16,"column":56},"end":{"line":71,"column":2}},"line":16},"1":{"name":"(anonymous_1)","decl":{"start":{"line":21,"column":9},"end":{"line":21,"column":16}},"loc":{"start":{"line":21,"column":32},"end":{"line":33,"column":null}},"line":21},"2":{"name":"(anonymous_2)","decl":{"start":{"line":35,"column":12},"end":{"line":35,"column":19}},"loc":{"start":{"line":35,"column":28},"end":{"line":47,"column":null}},"line":35},"3":{"name":"(anonymous_3)","decl":{"start":{"line":49,"column":2},"end":{"line":49,"column":16}},"loc":{"start":{"line":49,"column":16},"end":{"line":53,"column":null}},"line":49},"4":{"name":"(anonymous_4)","decl":{"start":{"line":55,"column":12},"end":{"line":55,"column":24}},"loc":{"start":{"line":55,"column":24},"end":{"line":68,"column":null}},"line":55},"5":{"name":"(anonymous_5)","decl":{"start":{"line":70,"column":2},"end":{"line":70,"column":20}},"loc":{"start":{"line":70,"column":20},"end":{"line":70,"column":null}},"line":70}},"branchMap":{"0":{"loc":{"start":{"line":29,"column":22},"end":{"line":29,"column":null}},"type":"cond-expr","locations":[{"start":{"line":29,"column":47},"end":{"line":29,"column":63}},{"start":{"line":29,"column":63},"end":{"line":29,"column":null}}],"line":29},"1":{"loc":{"start":{"line":43,"column":22},"end":{"line":43,"column":null}},"type":"cond-expr","locations":[{"start":{"line":43,"column":47},"end":{"line":43,"column":63}},{"start":{"line":43,"column":63},"end":{"line":43,"column":null}}],"line":43},"2":{"loc":{"start":{"line":57,"column":4},"end":{"line":57,"column":null}},"type":"if","locations":[{"start":{"line":57,"column":4},"end":{"line":57,"column":null}},{"start":{},"end":{}}],"line":57}},"s":{"0":1,"1":1,"2":3,"3":3,"4":3,"5":1,"6":1,"7":1,"8":2,"9":2,"10":2,"11":2,"12":2,"13":2,"14":1,"15":1,"16":1,"17":1,"18":1,"19":1,"20":1,"21":1,"22":1,"23":3,"24":3,"25":1,"26":2,"27":2,"28":2,"29":1,"30":1,"31":1,"32":1,"33":1},"f":{"0":1,"1":3,"2":2,"3":1,"4":3,"5":1},"b":{"0":[2,0],"1":[1,0],"2":[1,2]},"meta":{"lastBranch":3,"lastFunction":6,"lastStatement":34,"seen":{"s:16:28:71:Infinity":0,"f:16:28:16:47":0,"s:16:56:71:2":1,"f:21:9:21:16":1,"s:22:4:22:Infinity":2,"s:23:4:32:Infinity":3,"s:24:23:24:Infinity":4,"s:25:6:25:Infinity":5,"s:26:6:26:Infinity":6,"s:27:6:27:Infinity":7,"s:29:22:29:Infinity":8,"b:29:47:29:63:29:63:29:Infinity":0,"s:30:6:30:Infinity":9,"s:31:6:31:Infinity":10,"f:35:12:35:19":2,"s:36:4:36:Infinity":11,"s:37:4:46:Infinity":12,"s:38:23:38:Infinity":13,"s:39:6:39:Infinity":14,"s:40:6:40:Infinity":15,"s:41:6:41:Infinity":16,"s:43:22:43:Infinity":17,"b:43:47:43:63:43:63:43:Infinity":1,"s:44:6:44:Infinity":18,"s:45:6:45:Infinity":19,"f:49:2:49:16":3,"s:50:4:50:Infinity":20,"s:51:4:51:Infinity":21,"s:52:4:52:Infinity":22,"f:55:12:55:24":4,"s:56:18:56:Infinity":23,"b:57:4:57:Infinity:undefined:undefined:undefined:undefined":2,"s:57:4:57:Infinity":24,"s:57:16:57:Infinity":25,"s:59:4:59:Infinity":26,"s:60:4:67:Infinity":27,"s:61:23:61:Infinity":28,"s:62:6:62:Infinity":29,"s:64:6:64:Infinity":30,"s:65:6:65:Infinity":31,"s:66:6:66:Infinity":32,"f:70:2:70:20":5,"s:70:20:70:Infinity":33},"fnNames":{}}}
}
